<?xml version="1.0" encoding="UTF-8"?>
<!-- Generated by org.testng.reporters.JUnitReportReporter -->
<testsuite skipped="0" hostname="Nandhini-PC" name="extentReports.Extentreportviamaven" tests="3" failures="0" timestamp="2020-05-04T21:56:00 IST" time="39.551" errors="0">
  <testcase name="OpenWikipedia" time="16.714" classname="extentReports.Extentreportviamaven"/>
  <system-out/>
  <testcase name="OpenGoogle" time="12.645" classname="extentReports.Extentreportviamaven"/>
  <system-out/>
  <testcase name="OpenBing" time="10.192" classname="extentReports.Extentreportviamaven"/>
  <system-out/>
</testsuite> <!-- extentReports.Extentreportviamaven -->
